{"/Users/sirouse/git/rc.js/rowcol.js":{"path":"/Users/sirouse/git/rc.js/rowcol.js","s":{"1":1,"2":1,"3":1,"4":1,"5":1,"6":1,"7":1,"8":1,"9":1,"10":1,"11":1,"12":27,"13":1,"14":4,"15":4,"16":1,"17":3,"18":2,"19":3,"20":9,"21":3,"22":4,"23":1,"24":3,"25":3,"26":3,"27":3,"28":1,"29":3,"30":3,"31":9,"32":9,"33":27,"34":27,"35":9,"36":27,"37":3,"38":1,"39":2,"40":2,"41":0,"42":2,"43":2,"44":2,"45":4,"46":4,"47":2,"48":2,"49":6,"50":6,"51":12,"52":12,"53":2,"54":1,"55":7,"56":1,"57":6,"58":3,"59":1,"60":2,"61":5,"62":2,"63":3,"64":1,"65":0,"66":1,"67":4,"68":4,"69":4,"70":4,"71":1,"72":3,"73":3,"74":2,"75":1,"76":3,"77":3,"78":1,"79":1,"80":9,"81":9,"82":24,"83":24,"84":9,"85":1,"86":7,"87":7,"88":1,"89":6,"90":3,"91":3,"92":1,"93":5,"94":5,"95":5,"96":15,"97":15,"98":15,"99":45,"100":45,"101":5,"102":1,"103":10,"104":10,"105":4,"106":10,"107":30,"108":30,"109":10,"110":1,"111":1,"112":1,"113":3,"114":1,"115":2,"116":1,"117":1,"118":1,"119":1,"120":1,"121":3,"122":1,"123":1,"124":1,"125":3,"126":3,"127":3,"128":1,"129":1,"130":1,"131":10,"132":10,"133":14,"134":14,"135":9,"136":9,"137":10,"138":1,"139":9,"140":1,"141":4,"142":4,"143":4,"144":4,"145":4,"146":4,"147":1,"148":6,"149":5,"150":30,"151":15,"152":1,"153":4,"154":4,"155":4,"156":4,"157":4,"158":1,"159":4,"160":4,"161":1,"162":1,"163":1,"164":0,"165":0,"166":0,"167":1,"168":1,"169":1,"170":0,"171":0},"b":{"1":[1,0,1],"2":[1,1,1,1],"3":[1,1,1,1],"4":[1,1,1,1],"5":[1,0],"6":[1,1,0,0],"7":[1,1,1],"8":[1,3],"9":[2,1],"10":[3,6],"11":[27,0],"12":[9,18],"13":[0,2],"14":[4,0],"15":[1,6],"16":[3,3],"17":[6,3],"18":[1,2],"19":[2,3],"20":[5,2],"21":[4,0],"22":[2,1],"23":[3,2],"24":[3,0],"25":[24,0],"26":[1,6],"27":[3,3],"28":[1,2],"29":[45,0],"30":[45,45,0],"31":[4,6],"32":[30,0],"33":[30,30,0],"34":[1,2],"35":[1,1],"36":[9,5],"37":[1,9],"38":[15,15],"39":[30,30,15,0],"40":[0,1],"41":[1,0,0],"42":[1,0],"43":[1,1],"44":[1,0]},"f":{"1":1,"2":27,"3":4,"4":3,"5":3,"6":2,"7":7,"8":0,"9":4,"10":3,"11":9,"12":7,"13":10,"14":1,"15":3,"16":1,"17":1,"18":1,"19":10,"20":4,"21":6,"22":4,"23":4,"24":0},"fnMap":{"1":{"name":"(anonymous_1)","line":8,"loc":{"start":{"line":8,"column":1},"end":{"line":8,"column":12}}},"2":{"name":"isArray","line":55,"loc":{"start":{"line":55,"column":4},"end":{"line":55,"column":25}}},"3":{"name":"getIndexes","line":65,"loc":{"start":{"line":65,"column":1},"end":{"line":65,"column":37}}},"4":{"name":"getByIndexes","line":92,"loc":{"start":{"line":92,"column":4},"end":{"line":92,"column":43}}},"5":{"name":"arrayRotateUnlimited","line":108,"loc":{"start":{"line":108,"column":4},"end":{"line":108,"column":48}}},"6":{"name":"arrayRotateLimited","line":135,"loc":{"start":{"line":135,"column":4},"end":{"line":135,"column":55}}},"7":{"name":"arrayRotate","line":180,"loc":{"start":{"line":180,"column":4},"end":{"line":180,"column":48}}},"8":{"name":"objectFilter","line":212,"loc":{"start":{"line":212,"column":4},"end":{"line":212,"column":47}}},"9":{"name":"filterIndexes","line":223,"loc":{"start":{"line":223,"column":4},"end":{"line":223,"column":48}}},"10":{"name":"filterMerge","line":238,"loc":{"start":{"line":238,"column":4},"end":{"line":238,"column":39}}},"11":{"name":"objectLength","line":260,"loc":{"start":{"line":260,"column":4},"end":{"line":260,"column":32}}},"12":{"name":"objectRotate","line":280,"loc":{"start":{"line":280,"column":4},"end":{"line":280,"column":52}}},"13":{"name":"objFromIndex","line":329,"loc":{"start":{"line":329,"column":4},"end":{"line":329,"column":59}}},"14":{"name":"proxyFromIndex","line":352,"loc":{"start":{"line":352,"column":4},"end":{"line":352,"column":53}}},"15":{"name":"rotate","line":361,"loc":{"start":{"line":361,"column":4},"end":{"line":361,"column":25}}},"16":{"name":"readEach","line":378,"loc":{"start":{"line":378,"column":4},"end":{"line":378,"column":31}}},"17":{"name":"objEach","line":392,"loc":{"start":{"line":392,"column":4},"end":{"line":392,"column":30}}},"18":{"name":"(anonymous_18)","line":417,"loc":{"start":{"line":417,"column":17},"end":{"line":417,"column":28}}},"19":{"name":"__getId","line":431,"loc":{"start":{"line":431,"column":8},"end":{"line":431,"column":32}}},"20":{"name":"Proxy","line":456,"loc":{"start":{"line":456,"column":8},"end":{"line":456,"column":48}}},"21":{"name":"(anonymous_21)","line":476,"loc":{"start":{"line":476,"column":33},"end":{"line":476,"column":43}}},"22":{"name":"(anonymous_22)","line":493,"loc":{"start":{"line":493,"column":34},"end":{"line":493,"column":45}}},"23":{"name":"(anonymous_23)","line":504,"loc":{"start":{"line":504,"column":29},"end":{"line":504,"column":40}}},"24":{"name":"(anonymous_24)","line":550,"loc":{"start":{"line":550,"column":10},"end":{"line":550,"column":21}}}},"statementMap":{"1":{"start":{"line":8,"column":0},"end":{"line":570,"column":5}},"2":{"start":{"line":17,"column":4},"end":{"line":17,"column":26}},"3":{"start":{"line":20,"column":4},"end":{"line":23,"column":6}},"4":{"start":{"line":26,"column":4},"end":{"line":26,"column":62}},"5":{"start":{"line":29,"column":4},"end":{"line":29,"column":93}},"6":{"start":{"line":32,"column":4},"end":{"line":32,"column":88}},"7":{"start":{"line":35,"column":1},"end":{"line":35,"column":84}},"8":{"start":{"line":36,"column":1},"end":{"line":38,"column":2}},"9":{"start":{"line":37,"column":2},"end":{"line":37,"column":20}},"10":{"start":{"line":41,"column":4},"end":{"line":41,"column":88}},"11":{"start":{"line":55,"column":4},"end":{"line":57,"column":5}},"12":{"start":{"line":56,"column":8},"end":{"line":56,"column":72}},"13":{"start":{"line":65,"column":1},"end":{"line":84,"column":2}},"14":{"start":{"line":66,"column":2},"end":{"line":68,"column":5}},"15":{"start":{"line":70,"column":2},"end":{"line":82,"column":3}},"16":{"start":{"line":71,"column":3},"end":{"line":75,"column":4}},"17":{"start":{"line":72,"column":4},"end":{"line":74,"column":5}},"18":{"start":{"line":73,"column":5},"end":{"line":73,"column":21}},"19":{"start":{"line":77,"column":3},"end":{"line":81,"column":4}},"20":{"start":{"line":78,"column":4},"end":{"line":80,"column":5}},"21":{"start":{"line":79,"column":5},"end":{"line":79,"column":21}},"22":{"start":{"line":83,"column":2},"end":{"line":83,"column":17}},"23":{"start":{"line":92,"column":4},"end":{"line":100,"column":5}},"24":{"start":{"line":93,"column":8},"end":{"line":94,"column":22}},"25":{"start":{"line":96,"column":8},"end":{"line":98,"column":9}},"26":{"start":{"line":97,"column":12},"end":{"line":97,"column":46}},"27":{"start":{"line":99,"column":8},"end":{"line":99,"column":20}},"28":{"start":{"line":108,"column":4},"end":{"line":126,"column":5}},"29":{"start":{"line":109,"column":8},"end":{"line":109,"column":37}},"30":{"start":{"line":111,"column":8},"end":{"line":123,"column":9}},"31":{"start":{"line":112,"column":12},"end":{"line":112,"column":27}},"32":{"start":{"line":115,"column":12},"end":{"line":122,"column":13}},"33":{"start":{"line":116,"column":16},"end":{"line":121,"column":17}},"34":{"start":{"line":117,"column":20},"end":{"line":119,"column":21}},"35":{"start":{"line":118,"column":24},"end":{"line":118,"column":41}},"36":{"start":{"line":120,"column":20},"end":{"line":120,"column":46}},"37":{"start":{"line":125,"column":8},"end":{"line":125,"column":22}},"38":{"start":{"line":135,"column":4},"end":{"line":171,"column":5}},"39":{"start":{"line":136,"column":8},"end":{"line":136,"column":44}},"40":{"start":{"line":139,"column":8},"end":{"line":144,"column":9}},"41":{"start":{"line":140,"column":12},"end":{"line":140,"column":30}},"42":{"start":{"line":143,"column":12},"end":{"line":143,"column":42}},"43":{"start":{"line":146,"column":8},"end":{"line":146,"column":32}},"44":{"start":{"line":149,"column":8},"end":{"line":153,"column":9}},"45":{"start":{"line":150,"column":12},"end":{"line":152,"column":13}},"46":{"start":{"line":151,"column":16},"end":{"line":151,"column":33}},"47":{"start":{"line":155,"column":8},"end":{"line":155,"column":23}},"48":{"start":{"line":157,"column":8},"end":{"line":168,"column":9}},"49":{"start":{"line":158,"column":12},"end":{"line":158,"column":27}},"50":{"start":{"line":162,"column":12},"end":{"line":166,"column":13}},"51":{"start":{"line":164,"column":16},"end":{"line":164,"column":33}},"52":{"start":{"line":165,"column":16},"end":{"line":165,"column":42}},"53":{"start":{"line":170,"column":8},"end":{"line":170,"column":22}},"54":{"start":{"line":180,"column":4},"end":{"line":202,"column":5}},"55":{"start":{"line":183,"column":8},"end":{"line":185,"column":9}},"56":{"start":{"line":184,"column":12},"end":{"line":184,"column":64}},"57":{"start":{"line":187,"column":8},"end":{"line":193,"column":9}},"58":{"start":{"line":188,"column":12},"end":{"line":192,"column":13}},"59":{"start":{"line":189,"column":16},"end":{"line":189,"column":92}},"60":{"start":{"line":191,"column":16},"end":{"line":191,"column":28}},"61":{"start":{"line":196,"column":8},"end":{"line":199,"column":9}},"62":{"start":{"line":197,"column":12},"end":{"line":197,"column":60}},"63":{"start":{"line":201,"column":8},"end":{"line":201,"column":49}},"64":{"start":{"line":212,"column":4},"end":{"line":214,"column":5}},"65":{"start":{"line":213,"column":8},"end":{"line":213,"column":67}},"66":{"start":{"line":223,"column":4},"end":{"line":230,"column":5}},"67":{"start":{"line":224,"column":8},"end":{"line":224,"column":25}},"68":{"start":{"line":226,"column":8},"end":{"line":228,"column":9}},"69":{"start":{"line":227,"column":12},"end":{"line":227,"column":53}},"70":{"start":{"line":229,"column":8},"end":{"line":229,"column":23}},"71":{"start":{"line":238,"column":4},"end":{"line":253,"column":5}},"72":{"start":{"line":239,"column":8},"end":{"line":240,"column":16}},"73":{"start":{"line":243,"column":8},"end":{"line":245,"column":9}},"74":{"start":{"line":244,"column":12},"end":{"line":244,"column":26}},"75":{"start":{"line":247,"column":8},"end":{"line":251,"column":9}},"76":{"start":{"line":248,"column":12},"end":{"line":250,"column":13}},"77":{"start":{"line":249,"column":16},"end":{"line":249,"column":62}},"78":{"start":{"line":252,"column":8},"end":{"line":252,"column":22}},"79":{"start":{"line":260,"column":4},"end":{"line":271,"column":5}},"80":{"start":{"line":261,"column":8},"end":{"line":261,"column":25}},"81":{"start":{"line":264,"column":8},"end":{"line":268,"column":9}},"82":{"start":{"line":265,"column":12},"end":{"line":267,"column":13}},"83":{"start":{"line":266,"column":16},"end":{"line":266,"column":53}},"84":{"start":{"line":270,"column":8},"end":{"line":270,"column":19}},"85":{"start":{"line":280,"column":4},"end":{"line":319,"column":5}},"86":{"start":{"line":281,"column":8},"end":{"line":281,"column":51}},"87":{"start":{"line":284,"column":8},"end":{"line":286,"column":9}},"88":{"start":{"line":285,"column":12},"end":{"line":285,"column":65}},"89":{"start":{"line":288,"column":8},"end":{"line":292,"column":9}},"90":{"start":{"line":289,"column":12},"end":{"line":289,"column":24}},"91":{"start":{"line":290,"column":15},"end":{"line":292,"column":9}},"92":{"start":{"line":291,"column":12},"end":{"line":291,"column":71}},"93":{"start":{"line":295,"column":8},"end":{"line":295,"column":37}},"94":{"start":{"line":297,"column":8},"end":{"line":297,"column":32}},"95":{"start":{"line":299,"column":8},"end":{"line":316,"column":9}},"96":{"start":{"line":300,"column":12},"end":{"line":300,"column":43}},"97":{"start":{"line":301,"column":12},"end":{"line":301,"column":37}},"98":{"start":{"line":311,"column":12},"end":{"line":315,"column":13}},"99":{"start":{"line":312,"column":16},"end":{"line":314,"column":17}},"100":{"start":{"line":313,"column":20},"end":{"line":313,"column":59}},"101":{"start":{"line":318,"column":8},"end":{"line":318,"column":22}},"102":{"start":{"line":329,"column":4},"end":{"line":344,"column":5}},"103":{"start":{"line":330,"column":8},"end":{"line":330,"column":16}},"104":{"start":{"line":333,"column":8},"end":{"line":335,"column":9}},"105":{"start":{"line":334,"column":12},"end":{"line":334,"column":24}},"106":{"start":{"line":337,"column":8},"end":{"line":341,"column":9}},"107":{"start":{"line":338,"column":12},"end":{"line":340,"column":13}},"108":{"start":{"line":339,"column":16},"end":{"line":339,"column":46}},"109":{"start":{"line":343,"column":8},"end":{"line":343,"column":22}},"110":{"start":{"line":352,"column":4},"end":{"line":354,"column":5}},"111":{"start":{"line":353,"column":8},"end":{"line":353,"column":49}},"112":{"start":{"line":361,"column":4},"end":{"line":370,"column":5}},"113":{"start":{"line":363,"column":8},"end":{"line":363,"column":102}},"114":{"start":{"line":363,"column":37},"end":{"line":363,"column":102}},"115":{"start":{"line":365,"column":8},"end":{"line":369,"column":9}},"116":{"start":{"line":366,"column":12},"end":{"line":366,"column":54}},"117":{"start":{"line":368,"column":12},"end":{"line":368,"column":55}},"118":{"start":{"line":378,"column":4},"end":{"line":385,"column":5}},"119":{"start":{"line":379,"column":8},"end":{"line":380,"column":18}},"120":{"start":{"line":382,"column":8},"end":{"line":384,"column":9}},"121":{"start":{"line":383,"column":12},"end":{"line":383,"column":37}},"122":{"start":{"line":392,"column":4},"end":{"line":404,"column":5}},"123":{"start":{"line":393,"column":8},"end":{"line":395,"column":17}},"124":{"start":{"line":397,"column":8},"end":{"line":403,"column":9}},"125":{"start":{"line":398,"column":12},"end":{"line":398,"column":37}},"126":{"start":{"line":400,"column":12},"end":{"line":400,"column":24}},"127":{"start":{"line":402,"column":12},"end":{"line":402,"column":28}},"128":{"start":{"line":417,"column":4},"end":{"line":510,"column":6}},"129":{"start":{"line":418,"column":8},"end":{"line":422,"column":21}},"130":{"start":{"line":431,"column":8},"end":{"line":447,"column":9}},"131":{"start":{"line":432,"column":12},"end":{"line":432,"column":39}},"132":{"start":{"line":435,"column":12},"end":{"line":441,"column":13}},"133":{"start":{"line":436,"column":16},"end":{"line":436,"column":20}},"134":{"start":{"line":437,"column":16},"end":{"line":440,"column":17}},"135":{"start":{"line":438,"column":20},"end":{"line":438,"column":28}},"136":{"start":{"line":439,"column":20},"end":{"line":439,"column":26}},"137":{"start":{"line":443,"column":12},"end":{"line":445,"column":13}},"138":{"start":{"line":444,"column":16},"end":{"line":444,"column":89}},"139":{"start":{"line":446,"column":12},"end":{"line":446,"column":23}},"140":{"start":{"line":456,"column":8},"end":{"line":469,"column":9}},"141":{"start":{"line":459,"column":12},"end":{"line":459,"column":19}},"142":{"start":{"line":462,"column":12},"end":{"line":462,"column":30}},"143":{"start":{"line":463,"column":12},"end":{"line":463,"column":32}},"144":{"start":{"line":464,"column":12},"end":{"line":464,"column":37}},"145":{"start":{"line":465,"column":12},"end":{"line":465,"column":32}},"146":{"start":{"line":468,"column":12},"end":{"line":468,"column":55}},"147":{"start":{"line":476,"column":8},"end":{"line":488,"column":10}},"148":{"start":{"line":477,"column":12},"end":{"line":481,"column":20}},"149":{"start":{"line":483,"column":12},"end":{"line":487,"column":13}},"150":{"start":{"line":484,"column":16},"end":{"line":486,"column":17}},"151":{"start":{"line":485,"column":20},"end":{"line":485,"column":48}},"152":{"start":{"line":493,"column":8},"end":{"line":499,"column":10}},"153":{"start":{"line":494,"column":12},"end":{"line":494,"column":36}},"154":{"start":{"line":495,"column":12},"end":{"line":495,"column":31}},"155":{"start":{"line":496,"column":12},"end":{"line":496,"column":30}},"156":{"start":{"line":497,"column":12},"end":{"line":497,"column":30}},"157":{"start":{"line":498,"column":12},"end":{"line":498,"column":30}},"158":{"start":{"line":504,"column":2},"end":{"line":507,"column":4}},"159":{"start":{"line":505,"column":3},"end":{"line":505,"column":17}},"160":{"start":{"line":506,"column":3},"end":{"line":506,"column":18}},"161":{"start":{"line":509,"column":2},"end":{"line":509,"column":15}},"162":{"start":{"line":514,"column":1},"end":{"line":537,"column":3}},"163":{"start":{"line":542,"column":1},"end":{"line":568,"column":2}},"164":{"start":{"line":546,"column":3},"end":{"line":546,"column":24}},"165":{"start":{"line":550,"column":3},"end":{"line":552,"column":6}},"166":{"start":{"line":551,"column":2},"end":{"line":551,"column":16}},"167":{"start":{"line":555,"column":6},"end":{"line":568,"column":2}},"168":{"start":{"line":557,"column":3},"end":{"line":563,"column":4}},"169":{"start":{"line":558,"column":2},"end":{"line":558,"column":48}},"170":{"start":{"line":562,"column":2},"end":{"line":562,"column":30}},"171":{"start":{"line":567,"column":3},"end":{"line":567,"column":24}}},"branchMap":{"1":{"line":26,"type":"binary-expr","locations":[{"start":{"line":26,"column":16},"end":{"line":26,"column":42}},{"start":{"line":26,"column":46},"end":{"line":26,"column":52}},{"start":{"line":26,"column":57},"end":{"line":26,"column":61}}]},"2":{"line":29,"type":"binary-expr","locations":[{"start":{"line":29,"column":22},"end":{"line":29,"column":49}},{"start":{"line":29,"column":53},"end":{"line":29,"column":60}},{"start":{"line":29,"column":64},"end":{"line":29,"column":81}},{"start":{"line":29,"column":85},"end":{"line":29,"column":92}}]},"3":{"line":32,"type":"binary-expr","locations":[{"start":{"line":32,"column":21},"end":{"line":32,"column":47}},{"start":{"line":32,"column":51},"end":{"line":32,"column":57}},{"start":{"line":32,"column":61},"end":{"line":32,"column":77}},{"start":{"line":32,"column":81},"end":{"line":32,"column":87}}]},"4":{"line":35,"type":"binary-expr","locations":[{"start":{"line":35,"column":18},"end":{"line":35,"column":29}},{"start":{"line":35,"column":33},"end":{"line":35,"column":43}},{"start":{"line":35,"column":47},"end":{"line":35,"column":73}},{"start":{"line":35,"column":77},"end":{"line":35,"column":83}}]},"5":{"line":36,"type":"if","locations":[{"start":{"line":36,"column":1},"end":{"line":36,"column":1}},{"start":{"line":36,"column":1},"end":{"line":36,"column":1}}]},"6":{"line":36,"type":"binary-expr","locations":[{"start":{"line":36,"column":5},"end":{"line":36,"column":15}},{"start":{"line":36,"column":20},"end":{"line":36,"column":52}},{"start":{"line":36,"column":56},"end":{"line":36,"column":88}},{"start":{"line":36,"column":92},"end":{"line":36,"column":122}}]},"7":{"line":41,"type":"binary-expr","locations":[{"start":{"line":41,"column":24},"end":{"line":41,"column":34}},{"start":{"line":41,"column":38},"end":{"line":41,"column":72}},{"start":{"line":41,"column":76},"end":{"line":41,"column":87}}]},"8":{"line":70,"type":"if","locations":[{"start":{"line":70,"column":2},"end":{"line":70,"column":2}},{"start":{"line":70,"column":2},"end":{"line":70,"column":2}}]},"9":{"line":72,"type":"if","locations":[{"start":{"line":72,"column":4},"end":{"line":72,"column":4}},{"start":{"line":72,"column":4},"end":{"line":72,"column":4}}]},"10":{"line":78,"type":"if","locations":[{"start":{"line":78,"column":4},"end":{"line":78,"column":4}},{"start":{"line":78,"column":4},"end":{"line":78,"column":4}}]},"11":{"line":116,"type":"if","locations":[{"start":{"line":116,"column":16},"end":{"line":116,"column":16}},{"start":{"line":116,"column":16},"end":{"line":116,"column":16}}]},"12":{"line":117,"type":"if","locations":[{"start":{"line":117,"column":20},"end":{"line":117,"column":20}},{"start":{"line":117,"column":20},"end":{"line":117,"column":20}}]},"13":{"line":139,"type":"if","locations":[{"start":{"line":139,"column":8},"end":{"line":139,"column":8}},{"start":{"line":139,"column":8},"end":{"line":139,"column":8}}]},"14":{"line":150,"type":"if","locations":[{"start":{"line":150,"column":12},"end":{"line":150,"column":12}},{"start":{"line":150,"column":12},"end":{"line":150,"column":12}}]},"15":{"line":183,"type":"if","locations":[{"start":{"line":183,"column":8},"end":{"line":183,"column":8}},{"start":{"line":183,"column":8},"end":{"line":183,"column":8}}]},"16":{"line":187,"type":"if","locations":[{"start":{"line":187,"column":8},"end":{"line":187,"column":8}},{"start":{"line":187,"column":8},"end":{"line":187,"column":8}}]},"17":{"line":187,"type":"binary-expr","locations":[{"start":{"line":187,"column":13},"end":{"line":187,"column":20}},{"start":{"line":187,"column":24},"end":{"line":187,"column":50}}]},"18":{"line":188,"type":"if","locations":[{"start":{"line":188,"column":12},"end":{"line":188,"column":12}},{"start":{"line":188,"column":12},"end":{"line":188,"column":12}}]},"19":{"line":196,"type":"if","locations":[{"start":{"line":196,"column":8},"end":{"line":196,"column":8}},{"start":{"line":196,"column":8},"end":{"line":196,"column":8}}]},"20":{"line":196,"type":"binary-expr","locations":[{"start":{"line":196,"column":12},"end":{"line":196,"column":33}},{"start":{"line":196,"column":37},"end":{"line":196,"column":54}}]},"21":{"line":226,"type":"if","locations":[{"start":{"line":226,"column":8},"end":{"line":226,"column":8}},{"start":{"line":226,"column":8},"end":{"line":226,"column":8}}]},"22":{"line":243,"type":"if","locations":[{"start":{"line":243,"column":8},"end":{"line":243,"column":8}},{"start":{"line":243,"column":8},"end":{"line":243,"column":8}}]},"23":{"line":243,"type":"binary-expr","locations":[{"start":{"line":243,"column":12},"end":{"line":243,"column":33}},{"start":{"line":243,"column":37},"end":{"line":243,"column":52}}]},"24":{"line":248,"type":"if","locations":[{"start":{"line":248,"column":12},"end":{"line":248,"column":12}},{"start":{"line":248,"column":12},"end":{"line":248,"column":12}}]},"25":{"line":265,"type":"if","locations":[{"start":{"line":265,"column":12},"end":{"line":265,"column":12}},{"start":{"line":265,"column":12},"end":{"line":265,"column":12}}]},"26":{"line":284,"type":"if","locations":[{"start":{"line":284,"column":8},"end":{"line":284,"column":8}},{"start":{"line":284,"column":8},"end":{"line":284,"column":8}}]},"27":{"line":288,"type":"if","locations":[{"start":{"line":288,"column":8},"end":{"line":288,"column":8}},{"start":{"line":288,"column":8},"end":{"line":288,"column":8}}]},"28":{"line":290,"type":"if","locations":[{"start":{"line":290,"column":15},"end":{"line":290,"column":15}},{"start":{"line":290,"column":15},"end":{"line":290,"column":15}}]},"29":{"line":312,"type":"if","locations":[{"start":{"line":312,"column":16},"end":{"line":312,"column":16}},{"start":{"line":312,"column":16},"end":{"line":312,"column":16}}]},"30":{"line":312,"type":"binary-expr","locations":[{"start":{"line":312,"column":21},"end":{"line":312,"column":44}},{"start":{"line":312,"column":50},"end":{"line":312,"column":61}},{"start":{"line":312,"column":65},"end":{"line":312,"column":90}}]},"31":{"line":333,"type":"if","locations":[{"start":{"line":333,"column":8},"end":{"line":333,"column":8}},{"start":{"line":333,"column":8},"end":{"line":333,"column":8}}]},"32":{"line":338,"type":"if","locations":[{"start":{"line":338,"column":12},"end":{"line":338,"column":12}},{"start":{"line":338,"column":12},"end":{"line":338,"column":12}}]},"33":{"line":338,"type":"binary-expr","locations":[{"start":{"line":338,"column":17},"end":{"line":338,"column":40}},{"start":{"line":338,"column":46},"end":{"line":338,"column":57}},{"start":{"line":338,"column":61},"end":{"line":338,"column":90}}]},"34":{"line":363,"type":"if","locations":[{"start":{"line":363,"column":8},"end":{"line":363,"column":8}},{"start":{"line":363,"column":8},"end":{"line":363,"column":8}}]},"35":{"line":365,"type":"if","locations":[{"start":{"line":365,"column":8},"end":{"line":365,"column":8}},{"start":{"line":365,"column":8},"end":{"line":365,"column":8}}]},"36":{"line":437,"type":"if","locations":[{"start":{"line":437,"column":16},"end":{"line":437,"column":16}},{"start":{"line":437,"column":16},"end":{"line":437,"column":16}}]},"37":{"line":443,"type":"if","locations":[{"start":{"line":443,"column":12},"end":{"line":443,"column":12}},{"start":{"line":443,"column":12},"end":{"line":443,"column":12}}]},"38":{"line":484,"type":"if","locations":[{"start":{"line":484,"column":16},"end":{"line":484,"column":16}},{"start":{"line":484,"column":16},"end":{"line":484,"column":16}}]},"39":{"line":484,"type":"binary-expr","locations":[{"start":{"line":484,"column":21},"end":{"line":484,"column":42}},{"start":{"line":484,"column":46},"end":{"line":484,"column":70}},{"start":{"line":484,"column":76},"end":{"line":484,"column":87}},{"start":{"line":484,"column":91},"end":{"line":484,"column":114}}]},"40":{"line":542,"type":"if","locations":[{"start":{"line":542,"column":1},"end":{"line":542,"column":1}},{"start":{"line":542,"column":1},"end":{"line":542,"column":1}}]},"41":{"line":542,"type":"binary-expr","locations":[{"start":{"line":542,"column":5},"end":{"line":542,"column":33}},{"start":{"line":542,"column":37},"end":{"line":542,"column":47}},{"start":{"line":542,"column":51},"end":{"line":542,"column":81}}]},"42":{"line":555,"type":"if","locations":[{"start":{"line":555,"column":6},"end":{"line":555,"column":6}},{"start":{"line":555,"column":6},"end":{"line":555,"column":6}}]},"43":{"line":555,"type":"binary-expr","locations":[{"start":{"line":555,"column":10},"end":{"line":555,"column":21}},{"start":{"line":555,"column":25},"end":{"line":555,"column":35}}]},"44":{"line":557,"type":"if","locations":[{"start":{"line":557,"column":3},"end":{"line":557,"column":3}},{"start":{"line":557,"column":3},"end":{"line":557,"column":3}}]}}}}