{"/Users/sirouse/git/rc.js/rowcol.js":{"path":"/Users/sirouse/git/rc.js/rowcol.js","s":{"1":1,"2":1,"3":1,"4":1,"5":1,"6":1,"7":1,"8":1,"9":1,"10":1,"11":1,"12":25,"13":1,"14":8,"15":8,"16":2,"17":6,"18":3,"19":6,"20":18,"21":6,"22":8,"23":1,"24":12,"25":12,"26":15,"27":12,"28":1,"29":3,"30":3,"31":9,"32":9,"33":27,"34":27,"35":9,"36":27,"37":3,"38":1,"39":3,"40":3,"41":1,"42":2,"43":3,"44":3,"45":6,"46":6,"47":2,"48":3,"49":3,"50":9,"51":9,"52":18,"53":18,"54":3,"55":1,"56":8,"57":1,"58":7,"59":3,"60":1,"61":2,"62":6,"63":3,"64":3,"65":1,"66":4,"67":1,"68":8,"69":8,"70":8,"71":8,"72":1,"73":7,"74":7,"75":3,"76":4,"77":12,"78":12,"79":4,"80":1,"81":9,"82":9,"83":24,"84":24,"85":9,"86":1,"87":7,"88":7,"89":1,"90":6,"91":3,"92":3,"93":1,"94":5,"95":5,"96":5,"97":15,"98":15,"99":15,"100":45,"101":45,"102":5,"103":1,"104":10,"105":10,"106":4,"107":10,"108":30,"109":30,"110":10,"111":1,"112":1,"113":1,"114":3,"115":1,"116":2,"117":1,"118":1,"119":1,"120":1,"121":1,"122":3,"123":1,"124":1,"125":1,"126":3,"127":3,"128":3,"129":1,"130":1,"131":1,"132":10,"133":10,"134":14,"135":14,"136":9,"137":9,"138":10,"139":1,"140":9,"141":1,"142":4,"143":4,"144":4,"145":4,"146":4,"147":4,"148":1,"149":6,"150":5,"151":30,"152":15,"153":1,"154":4,"155":4,"156":4,"157":4,"158":4,"159":1,"160":4,"161":4,"162":1,"163":1,"164":1,"165":0,"166":0,"167":0,"168":1,"169":1,"170":1,"171":0,"172":0},"b":{"1":[1,0,1],"2":[1,1,1,1],"3":[1,1,1,1],"4":[1,1,1,1],"5":[1,0],"6":[1,1,0,0],"7":[1,1,1],"8":[2,6],"9":[3,3],"10":[6,12],"11":[27,0],"12":[9,18],"13":[1,2],"14":[2,4],"15":[1,7],"16":[3,4],"17":[7,4],"18":[1,2],"19":[3,3],"20":[6,3],"21":[8,0],"22":[3,4],"23":[7,6],"24":[12,0],"25":[24,0],"26":[1,6],"27":[3,3],"28":[1,2],"29":[45,0],"30":[45,45,0],"31":[4,6],"32":[30,0],"33":[30,30,0],"34":[1,2],"35":[1,1],"36":[9,5],"37":[1,9],"38":[15,15],"39":[30,30,15,0],"40":[0,1],"41":[1,0,0],"42":[1,0],"43":[1,1],"44":[1,0]},"f":{"1":1,"2":25,"3":8,"4":12,"5":3,"6":3,"7":8,"8":4,"9":8,"10":7,"11":9,"12":7,"13":10,"14":1,"15":3,"16":1,"17":1,"18":1,"19":10,"20":4,"21":6,"22":4,"23":4,"24":0},"fnMap":{"1":{"name":"(anonymous_1)","line":8,"loc":{"start":{"line":8,"column":1},"end":{"line":8,"column":12}}},"2":{"name":"isArray","line":55,"loc":{"start":{"line":55,"column":4},"end":{"line":55,"column":25}}},"3":{"name":"getIndexes","line":65,"loc":{"start":{"line":65,"column":4},"end":{"line":65,"column":40}}},"4":{"name":"getByIndexes","line":92,"loc":{"start":{"line":92,"column":4},"end":{"line":92,"column":43}}},"5":{"name":"arrayRotateUnlimited","line":109,"loc":{"start":{"line":109,"column":4},"end":{"line":109,"column":48}}},"6":{"name":"arrayRotateLimited","line":136,"loc":{"start":{"line":136,"column":4},"end":{"line":136,"column":55}}},"7":{"name":"arrayRotate","line":182,"loc":{"start":{"line":182,"column":4},"end":{"line":182,"column":48}}},"8":{"name":"objectFilter","line":214,"loc":{"start":{"line":214,"column":4},"end":{"line":214,"column":47}}},"9":{"name":"filterIndexes","line":225,"loc":{"start":{"line":225,"column":4},"end":{"line":225,"column":48}}},"10":{"name":"filterMerge","line":240,"loc":{"start":{"line":240,"column":4},"end":{"line":240,"column":39}}},"11":{"name":"objectLength","line":262,"loc":{"start":{"line":262,"column":4},"end":{"line":262,"column":32}}},"12":{"name":"objectRotate","line":282,"loc":{"start":{"line":282,"column":4},"end":{"line":282,"column":52}}},"13":{"name":"objFromIndex","line":331,"loc":{"start":{"line":331,"column":4},"end":{"line":331,"column":59}}},"14":{"name":"proxyFromIndex","line":354,"loc":{"start":{"line":354,"column":4},"end":{"line":354,"column":53}}},"15":{"name":"rotate","line":363,"loc":{"start":{"line":363,"column":4},"end":{"line":363,"column":25}}},"16":{"name":"readEach","line":380,"loc":{"start":{"line":380,"column":4},"end":{"line":380,"column":31}}},"17":{"name":"objEach","line":394,"loc":{"start":{"line":394,"column":4},"end":{"line":394,"column":30}}},"18":{"name":"(anonymous_18)","line":419,"loc":{"start":{"line":419,"column":19},"end":{"line":419,"column":30}}},"19":{"name":"__getId","line":433,"loc":{"start":{"line":433,"column":8},"end":{"line":433,"column":32}}},"20":{"name":"RCProxy","line":458,"loc":{"start":{"line":458,"column":8},"end":{"line":458,"column":50}}},"21":{"name":"(anonymous_21)","line":478,"loc":{"start":{"line":478,"column":35},"end":{"line":478,"column":45}}},"22":{"name":"(anonymous_22)","line":495,"loc":{"start":{"line":495,"column":36},"end":{"line":495,"column":47}}},"23":{"name":"(anonymous_23)","line":506,"loc":{"start":{"line":506,"column":37},"end":{"line":506,"column":48}}},"24":{"name":"(anonymous_24)","line":552,"loc":{"start":{"line":552,"column":15},"end":{"line":552,"column":26}}}},"statementMap":{"1":{"start":{"line":8,"column":0},"end":{"line":571,"column":5}},"2":{"start":{"line":17,"column":4},"end":{"line":17,"column":26}},"3":{"start":{"line":20,"column":4},"end":{"line":23,"column":6}},"4":{"start":{"line":26,"column":4},"end":{"line":26,"column":62}},"5":{"start":{"line":29,"column":4},"end":{"line":29,"column":93}},"6":{"start":{"line":32,"column":4},"end":{"line":32,"column":88}},"7":{"start":{"line":35,"column":4},"end":{"line":35,"column":87}},"8":{"start":{"line":36,"column":4},"end":{"line":38,"column":5}},"9":{"start":{"line":37,"column":8},"end":{"line":37,"column":26}},"10":{"start":{"line":41,"column":4},"end":{"line":41,"column":88}},"11":{"start":{"line":55,"column":4},"end":{"line":57,"column":5}},"12":{"start":{"line":56,"column":8},"end":{"line":56,"column":72}},"13":{"start":{"line":65,"column":4},"end":{"line":84,"column":5}},"14":{"start":{"line":66,"column":8},"end":{"line":68,"column":14}},"15":{"start":{"line":70,"column":8},"end":{"line":82,"column":9}},"16":{"start":{"line":71,"column":12},"end":{"line":75,"column":13}},"17":{"start":{"line":72,"column":16},"end":{"line":74,"column":17}},"18":{"start":{"line":73,"column":20},"end":{"line":73,"column":36}},"19":{"start":{"line":77,"column":12},"end":{"line":81,"column":13}},"20":{"start":{"line":78,"column":16},"end":{"line":80,"column":17}},"21":{"start":{"line":79,"column":20},"end":{"line":79,"column":36}},"22":{"start":{"line":83,"column":8},"end":{"line":83,"column":23}},"23":{"start":{"line":92,"column":4},"end":{"line":101,"column":5}},"24":{"start":{"line":93,"column":8},"end":{"line":95,"column":22}},"25":{"start":{"line":97,"column":8},"end":{"line":99,"column":9}},"26":{"start":{"line":98,"column":12},"end":{"line":98,"column":41}},"27":{"start":{"line":100,"column":8},"end":{"line":100,"column":20}},"28":{"start":{"line":109,"column":4},"end":{"line":127,"column":5}},"29":{"start":{"line":110,"column":8},"end":{"line":110,"column":37}},"30":{"start":{"line":112,"column":8},"end":{"line":124,"column":9}},"31":{"start":{"line":113,"column":12},"end":{"line":113,"column":27}},"32":{"start":{"line":116,"column":12},"end":{"line":123,"column":13}},"33":{"start":{"line":117,"column":16},"end":{"line":122,"column":17}},"34":{"start":{"line":118,"column":20},"end":{"line":120,"column":21}},"35":{"start":{"line":119,"column":24},"end":{"line":119,"column":41}},"36":{"start":{"line":121,"column":20},"end":{"line":121,"column":46}},"37":{"start":{"line":126,"column":8},"end":{"line":126,"column":22}},"38":{"start":{"line":136,"column":4},"end":{"line":173,"column":5}},"39":{"start":{"line":137,"column":8},"end":{"line":137,"column":44}},"40":{"start":{"line":140,"column":8},"end":{"line":145,"column":9}},"41":{"start":{"line":141,"column":12},"end":{"line":141,"column":30}},"42":{"start":{"line":144,"column":12},"end":{"line":144,"column":42}},"43":{"start":{"line":147,"column":8},"end":{"line":147,"column":32}},"44":{"start":{"line":150,"column":8},"end":{"line":155,"column":9}},"45":{"start":{"line":151,"column":12},"end":{"line":151,"column":29}},"46":{"start":{"line":152,"column":12},"end":{"line":154,"column":13}},"47":{"start":{"line":153,"column":16},"end":{"line":153,"column":33}},"48":{"start":{"line":157,"column":8},"end":{"line":157,"column":23}},"49":{"start":{"line":159,"column":8},"end":{"line":170,"column":9}},"50":{"start":{"line":160,"column":12},"end":{"line":160,"column":27}},"51":{"start":{"line":164,"column":12},"end":{"line":168,"column":13}},"52":{"start":{"line":166,"column":16},"end":{"line":166,"column":33}},"53":{"start":{"line":167,"column":16},"end":{"line":167,"column":42}},"54":{"start":{"line":172,"column":8},"end":{"line":172,"column":22}},"55":{"start":{"line":182,"column":4},"end":{"line":204,"column":5}},"56":{"start":{"line":185,"column":8},"end":{"line":187,"column":9}},"57":{"start":{"line":186,"column":12},"end":{"line":186,"column":64}},"58":{"start":{"line":189,"column":8},"end":{"line":195,"column":9}},"59":{"start":{"line":190,"column":12},"end":{"line":194,"column":13}},"60":{"start":{"line":191,"column":16},"end":{"line":191,"column":92}},"61":{"start":{"line":193,"column":16},"end":{"line":193,"column":28}},"62":{"start":{"line":198,"column":8},"end":{"line":201,"column":9}},"63":{"start":{"line":199,"column":12},"end":{"line":199,"column":60}},"64":{"start":{"line":203,"column":8},"end":{"line":203,"column":49}},"65":{"start":{"line":214,"column":4},"end":{"line":216,"column":5}},"66":{"start":{"line":215,"column":8},"end":{"line":215,"column":67}},"67":{"start":{"line":225,"column":4},"end":{"line":232,"column":5}},"68":{"start":{"line":226,"column":8},"end":{"line":226,"column":25}},"69":{"start":{"line":228,"column":8},"end":{"line":230,"column":9}},"70":{"start":{"line":229,"column":12},"end":{"line":229,"column":53}},"71":{"start":{"line":231,"column":8},"end":{"line":231,"column":23}},"72":{"start":{"line":240,"column":4},"end":{"line":255,"column":5}},"73":{"start":{"line":241,"column":8},"end":{"line":242,"column":16}},"74":{"start":{"line":245,"column":8},"end":{"line":247,"column":9}},"75":{"start":{"line":246,"column":12},"end":{"line":246,"column":26}},"76":{"start":{"line":249,"column":8},"end":{"line":253,"column":9}},"77":{"start":{"line":250,"column":12},"end":{"line":252,"column":13}},"78":{"start":{"line":251,"column":16},"end":{"line":251,"column":62}},"79":{"start":{"line":254,"column":8},"end":{"line":254,"column":22}},"80":{"start":{"line":262,"column":4},"end":{"line":273,"column":5}},"81":{"start":{"line":263,"column":8},"end":{"line":263,"column":25}},"82":{"start":{"line":266,"column":8},"end":{"line":270,"column":9}},"83":{"start":{"line":267,"column":12},"end":{"line":269,"column":13}},"84":{"start":{"line":268,"column":16},"end":{"line":268,"column":53}},"85":{"start":{"line":272,"column":8},"end":{"line":272,"column":19}},"86":{"start":{"line":282,"column":4},"end":{"line":321,"column":5}},"87":{"start":{"line":283,"column":8},"end":{"line":283,"column":51}},"88":{"start":{"line":286,"column":8},"end":{"line":288,"column":9}},"89":{"start":{"line":287,"column":12},"end":{"line":287,"column":65}},"90":{"start":{"line":290,"column":8},"end":{"line":294,"column":9}},"91":{"start":{"line":291,"column":12},"end":{"line":291,"column":24}},"92":{"start":{"line":292,"column":15},"end":{"line":294,"column":9}},"93":{"start":{"line":293,"column":12},"end":{"line":293,"column":71}},"94":{"start":{"line":297,"column":8},"end":{"line":297,"column":37}},"95":{"start":{"line":299,"column":8},"end":{"line":299,"column":32}},"96":{"start":{"line":301,"column":8},"end":{"line":318,"column":9}},"97":{"start":{"line":302,"column":12},"end":{"line":302,"column":43}},"98":{"start":{"line":303,"column":12},"end":{"line":303,"column":37}},"99":{"start":{"line":313,"column":12},"end":{"line":317,"column":13}},"100":{"start":{"line":314,"column":16},"end":{"line":316,"column":17}},"101":{"start":{"line":315,"column":20},"end":{"line":315,"column":59}},"102":{"start":{"line":320,"column":8},"end":{"line":320,"column":22}},"103":{"start":{"line":331,"column":4},"end":{"line":346,"column":5}},"104":{"start":{"line":332,"column":8},"end":{"line":332,"column":16}},"105":{"start":{"line":335,"column":8},"end":{"line":337,"column":9}},"106":{"start":{"line":336,"column":12},"end":{"line":336,"column":24}},"107":{"start":{"line":339,"column":8},"end":{"line":343,"column":9}},"108":{"start":{"line":340,"column":12},"end":{"line":342,"column":13}},"109":{"start":{"line":341,"column":16},"end":{"line":341,"column":46}},"110":{"start":{"line":345,"column":8},"end":{"line":345,"column":22}},"111":{"start":{"line":354,"column":4},"end":{"line":356,"column":5}},"112":{"start":{"line":355,"column":8},"end":{"line":355,"column":51}},"113":{"start":{"line":363,"column":4},"end":{"line":372,"column":5}},"114":{"start":{"line":365,"column":8},"end":{"line":365,"column":102}},"115":{"start":{"line":365,"column":37},"end":{"line":365,"column":102}},"116":{"start":{"line":367,"column":8},"end":{"line":371,"column":9}},"117":{"start":{"line":368,"column":12},"end":{"line":368,"column":54}},"118":{"start":{"line":370,"column":12},"end":{"line":370,"column":55}},"119":{"start":{"line":380,"column":4},"end":{"line":387,"column":5}},"120":{"start":{"line":381,"column":8},"end":{"line":382,"column":18}},"121":{"start":{"line":384,"column":8},"end":{"line":386,"column":9}},"122":{"start":{"line":385,"column":12},"end":{"line":385,"column":37}},"123":{"start":{"line":394,"column":4},"end":{"line":406,"column":5}},"124":{"start":{"line":395,"column":8},"end":{"line":397,"column":17}},"125":{"start":{"line":399,"column":8},"end":{"line":405,"column":9}},"126":{"start":{"line":400,"column":12},"end":{"line":400,"column":39}},"127":{"start":{"line":402,"column":12},"end":{"line":402,"column":24}},"128":{"start":{"line":404,"column":12},"end":{"line":404,"column":28}},"129":{"start":{"line":419,"column":4},"end":{"line":512,"column":9}},"130":{"start":{"line":420,"column":8},"end":{"line":424,"column":21}},"131":{"start":{"line":433,"column":8},"end":{"line":449,"column":9}},"132":{"start":{"line":434,"column":12},"end":{"line":434,"column":39}},"133":{"start":{"line":437,"column":12},"end":{"line":443,"column":13}},"134":{"start":{"line":438,"column":16},"end":{"line":438,"column":20}},"135":{"start":{"line":439,"column":16},"end":{"line":442,"column":17}},"136":{"start":{"line":440,"column":20},"end":{"line":440,"column":28}},"137":{"start":{"line":441,"column":20},"end":{"line":441,"column":26}},"138":{"start":{"line":445,"column":12},"end":{"line":447,"column":13}},"139":{"start":{"line":446,"column":16},"end":{"line":446,"column":89}},"140":{"start":{"line":448,"column":12},"end":{"line":448,"column":23}},"141":{"start":{"line":458,"column":8},"end":{"line":471,"column":9}},"142":{"start":{"line":461,"column":12},"end":{"line":461,"column":19}},"143":{"start":{"line":464,"column":12},"end":{"line":464,"column":30}},"144":{"start":{"line":465,"column":12},"end":{"line":465,"column":32}},"145":{"start":{"line":466,"column":12},"end":{"line":466,"column":37}},"146":{"start":{"line":467,"column":12},"end":{"line":467,"column":32}},"147":{"start":{"line":470,"column":12},"end":{"line":470,"column":55}},"148":{"start":{"line":478,"column":8},"end":{"line":490,"column":10}},"149":{"start":{"line":479,"column":12},"end":{"line":483,"column":20}},"150":{"start":{"line":485,"column":12},"end":{"line":489,"column":13}},"151":{"start":{"line":486,"column":16},"end":{"line":488,"column":17}},"152":{"start":{"line":487,"column":20},"end":{"line":487,"column":48}},"153":{"start":{"line":495,"column":8},"end":{"line":501,"column":10}},"154":{"start":{"line":496,"column":12},"end":{"line":496,"column":36}},"155":{"start":{"line":497,"column":12},"end":{"line":497,"column":31}},"156":{"start":{"line":498,"column":12},"end":{"line":498,"column":30}},"157":{"start":{"line":499,"column":12},"end":{"line":499,"column":30}},"158":{"start":{"line":500,"column":12},"end":{"line":500,"column":30}},"159":{"start":{"line":506,"column":8},"end":{"line":509,"column":10}},"160":{"start":{"line":507,"column":12},"end":{"line":507,"column":26}},"161":{"start":{"line":508,"column":12},"end":{"line":508,"column":27}},"162":{"start":{"line":511,"column":8},"end":{"line":511,"column":23}},"163":{"start":{"line":516,"column":4},"end":{"line":539,"column":6}},"164":{"start":{"line":544,"column":4},"end":{"line":570,"column":5}},"165":{"start":{"line":548,"column":8},"end":{"line":548,"column":29}},"166":{"start":{"line":552,"column":8},"end":{"line":554,"column":11}},"167":{"start":{"line":553,"column":12},"end":{"line":553,"column":26}},"168":{"start":{"line":557,"column":9},"end":{"line":570,"column":5}},"169":{"start":{"line":559,"column":8},"end":{"line":565,"column":9}},"170":{"start":{"line":560,"column":12},"end":{"line":560,"column":58}},"171":{"start":{"line":564,"column":12},"end":{"line":564,"column":40}},"172":{"start":{"line":569,"column":8},"end":{"line":569,"column":29}}},"branchMap":{"1":{"line":26,"type":"binary-expr","locations":[{"start":{"line":26,"column":16},"end":{"line":26,"column":42}},{"start":{"line":26,"column":46},"end":{"line":26,"column":52}},{"start":{"line":26,"column":57},"end":{"line":26,"column":61}}]},"2":{"line":29,"type":"binary-expr","locations":[{"start":{"line":29,"column":22},"end":{"line":29,"column":49}},{"start":{"line":29,"column":53},"end":{"line":29,"column":60}},{"start":{"line":29,"column":64},"end":{"line":29,"column":81}},{"start":{"line":29,"column":85},"end":{"line":29,"column":92}}]},"3":{"line":32,"type":"binary-expr","locations":[{"start":{"line":32,"column":21},"end":{"line":32,"column":47}},{"start":{"line":32,"column":51},"end":{"line":32,"column":57}},{"start":{"line":32,"column":61},"end":{"line":32,"column":77}},{"start":{"line":32,"column":81},"end":{"line":32,"column":87}}]},"4":{"line":35,"type":"binary-expr","locations":[{"start":{"line":35,"column":21},"end":{"line":35,"column":32}},{"start":{"line":35,"column":36},"end":{"line":35,"column":46}},{"start":{"line":35,"column":50},"end":{"line":35,"column":76}},{"start":{"line":35,"column":80},"end":{"line":35,"column":86}}]},"5":{"line":36,"type":"if","locations":[{"start":{"line":36,"column":4},"end":{"line":36,"column":4}},{"start":{"line":36,"column":4},"end":{"line":36,"column":4}}]},"6":{"line":36,"type":"binary-expr","locations":[{"start":{"line":36,"column":8},"end":{"line":36,"column":18}},{"start":{"line":36,"column":23},"end":{"line":36,"column":55}},{"start":{"line":36,"column":59},"end":{"line":36,"column":91}},{"start":{"line":36,"column":95},"end":{"line":36,"column":125}}]},"7":{"line":41,"type":"binary-expr","locations":[{"start":{"line":41,"column":24},"end":{"line":41,"column":34}},{"start":{"line":41,"column":38},"end":{"line":41,"column":72}},{"start":{"line":41,"column":76},"end":{"line":41,"column":87}}]},"8":{"line":70,"type":"if","locations":[{"start":{"line":70,"column":8},"end":{"line":70,"column":8}},{"start":{"line":70,"column":8},"end":{"line":70,"column":8}}]},"9":{"line":72,"type":"if","locations":[{"start":{"line":72,"column":16},"end":{"line":72,"column":16}},{"start":{"line":72,"column":16},"end":{"line":72,"column":16}}]},"10":{"line":78,"type":"if","locations":[{"start":{"line":78,"column":16},"end":{"line":78,"column":16}},{"start":{"line":78,"column":16},"end":{"line":78,"column":16}}]},"11":{"line":117,"type":"if","locations":[{"start":{"line":117,"column":16},"end":{"line":117,"column":16}},{"start":{"line":117,"column":16},"end":{"line":117,"column":16}}]},"12":{"line":118,"type":"if","locations":[{"start":{"line":118,"column":20},"end":{"line":118,"column":20}},{"start":{"line":118,"column":20},"end":{"line":118,"column":20}}]},"13":{"line":140,"type":"if","locations":[{"start":{"line":140,"column":8},"end":{"line":140,"column":8}},{"start":{"line":140,"column":8},"end":{"line":140,"column":8}}]},"14":{"line":152,"type":"if","locations":[{"start":{"line":152,"column":12},"end":{"line":152,"column":12}},{"start":{"line":152,"column":12},"end":{"line":152,"column":12}}]},"15":{"line":185,"type":"if","locations":[{"start":{"line":185,"column":8},"end":{"line":185,"column":8}},{"start":{"line":185,"column":8},"end":{"line":185,"column":8}}]},"16":{"line":189,"type":"if","locations":[{"start":{"line":189,"column":8},"end":{"line":189,"column":8}},{"start":{"line":189,"column":8},"end":{"line":189,"column":8}}]},"17":{"line":189,"type":"binary-expr","locations":[{"start":{"line":189,"column":13},"end":{"line":189,"column":20}},{"start":{"line":189,"column":24},"end":{"line":189,"column":50}}]},"18":{"line":190,"type":"if","locations":[{"start":{"line":190,"column":12},"end":{"line":190,"column":12}},{"start":{"line":190,"column":12},"end":{"line":190,"column":12}}]},"19":{"line":198,"type":"if","locations":[{"start":{"line":198,"column":8},"end":{"line":198,"column":8}},{"start":{"line":198,"column":8},"end":{"line":198,"column":8}}]},"20":{"line":198,"type":"binary-expr","locations":[{"start":{"line":198,"column":12},"end":{"line":198,"column":33}},{"start":{"line":198,"column":37},"end":{"line":198,"column":54}}]},"21":{"line":228,"type":"if","locations":[{"start":{"line":228,"column":8},"end":{"line":228,"column":8}},{"start":{"line":228,"column":8},"end":{"line":228,"column":8}}]},"22":{"line":245,"type":"if","locations":[{"start":{"line":245,"column":8},"end":{"line":245,"column":8}},{"start":{"line":245,"column":8},"end":{"line":245,"column":8}}]},"23":{"line":245,"type":"binary-expr","locations":[{"start":{"line":245,"column":12},"end":{"line":245,"column":33}},{"start":{"line":245,"column":37},"end":{"line":245,"column":52}}]},"24":{"line":250,"type":"if","locations":[{"start":{"line":250,"column":12},"end":{"line":250,"column":12}},{"start":{"line":250,"column":12},"end":{"line":250,"column":12}}]},"25":{"line":267,"type":"if","locations":[{"start":{"line":267,"column":12},"end":{"line":267,"column":12}},{"start":{"line":267,"column":12},"end":{"line":267,"column":12}}]},"26":{"line":286,"type":"if","locations":[{"start":{"line":286,"column":8},"end":{"line":286,"column":8}},{"start":{"line":286,"column":8},"end":{"line":286,"column":8}}]},"27":{"line":290,"type":"if","locations":[{"start":{"line":290,"column":8},"end":{"line":290,"column":8}},{"start":{"line":290,"column":8},"end":{"line":290,"column":8}}]},"28":{"line":292,"type":"if","locations":[{"start":{"line":292,"column":15},"end":{"line":292,"column":15}},{"start":{"line":292,"column":15},"end":{"line":292,"column":15}}]},"29":{"line":314,"type":"if","locations":[{"start":{"line":314,"column":16},"end":{"line":314,"column":16}},{"start":{"line":314,"column":16},"end":{"line":314,"column":16}}]},"30":{"line":314,"type":"binary-expr","locations":[{"start":{"line":314,"column":21},"end":{"line":314,"column":44}},{"start":{"line":314,"column":50},"end":{"line":314,"column":61}},{"start":{"line":314,"column":65},"end":{"line":314,"column":90}}]},"31":{"line":335,"type":"if","locations":[{"start":{"line":335,"column":8},"end":{"line":335,"column":8}},{"start":{"line":335,"column":8},"end":{"line":335,"column":8}}]},"32":{"line":340,"type":"if","locations":[{"start":{"line":340,"column":12},"end":{"line":340,"column":12}},{"start":{"line":340,"column":12},"end":{"line":340,"column":12}}]},"33":{"line":340,"type":"binary-expr","locations":[{"start":{"line":340,"column":17},"end":{"line":340,"column":40}},{"start":{"line":340,"column":46},"end":{"line":340,"column":57}},{"start":{"line":340,"column":61},"end":{"line":340,"column":90}}]},"34":{"line":365,"type":"if","locations":[{"start":{"line":365,"column":8},"end":{"line":365,"column":8}},{"start":{"line":365,"column":8},"end":{"line":365,"column":8}}]},"35":{"line":367,"type":"if","locations":[{"start":{"line":367,"column":8},"end":{"line":367,"column":8}},{"start":{"line":367,"column":8},"end":{"line":367,"column":8}}]},"36":{"line":439,"type":"if","locations":[{"start":{"line":439,"column":16},"end":{"line":439,"column":16}},{"start":{"line":439,"column":16},"end":{"line":439,"column":16}}]},"37":{"line":445,"type":"if","locations":[{"start":{"line":445,"column":12},"end":{"line":445,"column":12}},{"start":{"line":445,"column":12},"end":{"line":445,"column":12}}]},"38":{"line":486,"type":"if","locations":[{"start":{"line":486,"column":16},"end":{"line":486,"column":16}},{"start":{"line":486,"column":16},"end":{"line":486,"column":16}}]},"39":{"line":486,"type":"binary-expr","locations":[{"start":{"line":486,"column":21},"end":{"line":486,"column":42}},{"start":{"line":486,"column":46},"end":{"line":486,"column":70}},{"start":{"line":486,"column":76},"end":{"line":486,"column":87}},{"start":{"line":486,"column":91},"end":{"line":486,"column":114}}]},"40":{"line":544,"type":"if","locations":[{"start":{"line":544,"column":4},"end":{"line":544,"column":4}},{"start":{"line":544,"column":4},"end":{"line":544,"column":4}}]},"41":{"line":544,"type":"binary-expr","locations":[{"start":{"line":544,"column":8},"end":{"line":544,"column":36}},{"start":{"line":544,"column":40},"end":{"line":544,"column":50}},{"start":{"line":544,"column":54},"end":{"line":544,"column":84}}]},"42":{"line":557,"type":"if","locations":[{"start":{"line":557,"column":9},"end":{"line":557,"column":9}},{"start":{"line":557,"column":9},"end":{"line":557,"column":9}}]},"43":{"line":557,"type":"binary-expr","locations":[{"start":{"line":557,"column":13},"end":{"line":557,"column":24}},{"start":{"line":557,"column":28},"end":{"line":557,"column":38}}]},"44":{"line":559,"type":"if","locations":[{"start":{"line":559,"column":8},"end":{"line":559,"column":8}},{"start":{"line":559,"column":8},"end":{"line":559,"column":8}}]}}}}