TN:
SF:/Users/sirouse/git/rc.js/rowcol.js
FN:8,(anonymous_1)
FN:55,isArray
FN:65,getIndexes
FN:92,getByIndexes
FN:109,arrayRotateUnlimited
FN:136,arrayRotateLimited
FN:182,arrayRotate
FN:214,objectFilter
FN:225,filterIndexes
FN:240,filterMerge
FN:262,objectLength
FN:282,objectRotate
FN:331,objFromIndex
FN:354,proxyFromIndex
FN:363,rotate
FN:380,readEach
FN:394,objEach
FN:419,(anonymous_18)
FN:433,__getId
FN:458,RCProxy
FN:478,(anonymous_21)
FN:495,(anonymous_22)
FN:506,(anonymous_23)
FN:552,(anonymous_24)
FNF:24
FNH:23
FNDA:1,(anonymous_1)
FNDA:25,isArray
FNDA:8,getIndexes
FNDA:12,getByIndexes
FNDA:3,arrayRotateUnlimited
FNDA:3,arrayRotateLimited
FNDA:8,arrayRotate
FNDA:4,objectFilter
FNDA:8,filterIndexes
FNDA:7,filterMerge
FNDA:9,objectLength
FNDA:7,objectRotate
FNDA:10,objFromIndex
FNDA:1,proxyFromIndex
FNDA:3,rotate
FNDA:1,readEach
FNDA:1,objEach
FNDA:1,(anonymous_18)
FNDA:10,__getId
FNDA:4,RCProxy
FNDA:6,(anonymous_21)
FNDA:4,(anonymous_22)
FNDA:4,(anonymous_23)
FNDA:0,(anonymous_24)
DA:8,1
DA:17,1
DA:20,1
DA:26,1
DA:29,1
DA:32,1
DA:35,1
DA:36,1
DA:37,1
DA:41,1
DA:55,1
DA:56,25
DA:65,1
DA:66,8
DA:70,8
DA:71,2
DA:72,6
DA:73,3
DA:77,6
DA:78,18
DA:79,6
DA:83,8
DA:92,1
DA:93,12
DA:97,12
DA:98,15
DA:100,12
DA:109,1
DA:110,3
DA:112,3
DA:113,9
DA:116,9
DA:117,27
DA:118,27
DA:119,9
DA:121,27
DA:126,3
DA:136,1
DA:137,3
DA:140,3
DA:141,1
DA:144,2
DA:147,3
DA:150,3
DA:151,6
DA:152,6
DA:153,2
DA:157,3
DA:159,3
DA:160,9
DA:164,9
DA:166,18
DA:167,18
DA:172,3
DA:182,1
DA:185,8
DA:186,1
DA:189,7
DA:190,3
DA:191,1
DA:193,2
DA:198,6
DA:199,3
DA:203,3
DA:214,1
DA:215,4
DA:225,1
DA:226,8
DA:228,8
DA:229,8
DA:231,8
DA:240,1
DA:241,7
DA:245,7
DA:246,3
DA:249,4
DA:250,12
DA:251,12
DA:254,4
DA:262,1
DA:263,9
DA:266,9
DA:267,24
DA:268,24
DA:272,9
DA:282,1
DA:283,7
DA:286,7
DA:287,1
DA:290,6
DA:291,3
DA:292,3
DA:293,1
DA:297,5
DA:299,5
DA:301,5
DA:302,15
DA:303,15
DA:313,15
DA:314,45
DA:315,45
DA:320,5
DA:331,1
DA:332,10
DA:335,10
DA:336,4
DA:339,10
DA:340,30
DA:341,30
DA:345,10
DA:354,1
DA:355,1
DA:363,1
DA:365,3
DA:367,2
DA:368,1
DA:370,1
DA:380,1
DA:381,1
DA:384,1
DA:385,3
DA:394,1
DA:395,1
DA:399,1
DA:400,3
DA:402,3
DA:404,3
DA:419,1
DA:420,1
DA:433,1
DA:434,10
DA:437,10
DA:438,14
DA:439,14
DA:440,9
DA:441,9
DA:445,10
DA:446,1
DA:448,9
DA:458,1
DA:461,4
DA:464,4
DA:465,4
DA:466,4
DA:467,4
DA:470,4
DA:478,1
DA:479,6
DA:485,5
DA:486,30
DA:487,15
DA:495,1
DA:496,4
DA:497,4
DA:498,4
DA:499,4
DA:500,4
DA:506,1
DA:507,4
DA:508,4
DA:511,1
DA:516,1
DA:544,1
DA:548,0
DA:552,0
DA:553,0
DA:557,1
DA:559,1
DA:560,1
DA:564,0
DA:569,0
LF:171
LH:166
BRDA:26,1,0,1
BRDA:26,1,1,0
BRDA:26,1,2,1
BRDA:29,2,0,1
BRDA:29,2,1,1
BRDA:29,2,2,1
BRDA:29,2,3,1
BRDA:32,3,0,1
BRDA:32,3,1,1
BRDA:32,3,2,1
BRDA:32,3,3,1
BRDA:35,4,0,1
BRDA:35,4,1,1
BRDA:35,4,2,1
BRDA:35,4,3,1
BRDA:36,5,0,1
BRDA:36,5,1,0
BRDA:36,6,0,1
BRDA:36,6,1,1
BRDA:36,6,2,0
BRDA:36,6,3,0
BRDA:41,7,0,1
BRDA:41,7,1,1
BRDA:41,7,2,1
BRDA:70,8,0,2
BRDA:70,8,1,6
BRDA:72,9,0,3
BRDA:72,9,1,3
BRDA:78,10,0,6
BRDA:78,10,1,12
BRDA:117,11,0,27
BRDA:117,11,1,0
BRDA:118,12,0,9
BRDA:118,12,1,18
BRDA:140,13,0,1
BRDA:140,13,1,2
BRDA:152,14,0,2
BRDA:152,14,1,4
BRDA:185,15,0,1
BRDA:185,15,1,7
BRDA:189,16,0,3
BRDA:189,16,1,4
BRDA:189,17,0,7
BRDA:189,17,1,4
BRDA:190,18,0,1
BRDA:190,18,1,2
BRDA:198,19,0,3
BRDA:198,19,1,3
BRDA:198,20,0,6
BRDA:198,20,1,3
BRDA:228,21,0,8
BRDA:228,21,1,0
BRDA:245,22,0,3
BRDA:245,22,1,4
BRDA:245,23,0,7
BRDA:245,23,1,6
BRDA:250,24,0,12
BRDA:250,24,1,0
BRDA:267,25,0,24
BRDA:267,25,1,0
BRDA:286,26,0,1
BRDA:286,26,1,6
BRDA:290,27,0,3
BRDA:290,27,1,3
BRDA:292,28,0,1
BRDA:292,28,1,2
BRDA:314,29,0,45
BRDA:314,29,1,0
BRDA:314,30,0,45
BRDA:314,30,1,45
BRDA:314,30,2,0
BRDA:335,31,0,4
BRDA:335,31,1,6
BRDA:340,32,0,30
BRDA:340,32,1,0
BRDA:340,33,0,30
BRDA:340,33,1,30
BRDA:340,33,2,0
BRDA:365,34,0,1
BRDA:365,34,1,2
BRDA:367,35,0,1
BRDA:367,35,1,1
BRDA:439,36,0,9
BRDA:439,36,1,5
BRDA:445,37,0,1
BRDA:445,37,1,9
BRDA:486,38,0,15
BRDA:486,38,1,15
BRDA:486,39,0,30
BRDA:486,39,1,30
BRDA:486,39,2,15
BRDA:486,39,3,0
BRDA:544,40,0,0
BRDA:544,40,1,1
BRDA:544,41,0,1
BRDA:544,41,1,0
BRDA:544,41,2,0
BRDA:557,42,0,1
BRDA:557,42,1,0
BRDA:557,43,0,1
BRDA:557,43,1,1
BRDA:559,44,0,1
BRDA:559,44,1,0
BRF:103
BRH:85
end_of_record
