TN:
SF:/Users/sirouse/git/rc.js/rowcol.js
FN:8,(anonymous_1)
FN:55,isArray
FN:65,getIndexes
FN:92,getByIndexes
FN:108,arrayRotateUnlimited
FN:135,arrayRotateLimited
FN:180,arrayRotate
FN:212,objectFilter
FN:223,filterIndexes
FN:238,filterMerge
FN:260,objectLength
FN:280,objectRotate
FN:329,objFromIndex
FN:352,proxyFromIndex
FN:361,rotate
FN:378,readEach
FN:392,objEach
FN:417,(anonymous_18)
FN:431,__getId
FN:456,Proxy
FN:476,(anonymous_21)
FN:493,(anonymous_22)
FN:504,(anonymous_23)
FN:550,(anonymous_24)
FNF:24
FNH:22
FNDA:1,(anonymous_1)
FNDA:27,isArray
FNDA:4,getIndexes
FNDA:3,getByIndexes
FNDA:3,arrayRotateUnlimited
FNDA:2,arrayRotateLimited
FNDA:7,arrayRotate
FNDA:0,objectFilter
FNDA:4,filterIndexes
FNDA:3,filterMerge
FNDA:9,objectLength
FNDA:7,objectRotate
FNDA:10,objFromIndex
FNDA:1,proxyFromIndex
FNDA:3,rotate
FNDA:1,readEach
FNDA:1,objEach
FNDA:1,(anonymous_18)
FNDA:10,__getId
FNDA:4,Proxy
FNDA:6,(anonymous_21)
FNDA:4,(anonymous_22)
FNDA:4,(anonymous_23)
FNDA:0,(anonymous_24)
DA:8,1
DA:17,1
DA:20,1
DA:26,1
DA:29,1
DA:32,1
DA:35,1
DA:36,1
DA:37,1
DA:41,1
DA:55,1
DA:56,27
DA:65,1
DA:66,4
DA:70,4
DA:71,1
DA:72,3
DA:73,2
DA:77,3
DA:78,9
DA:79,3
DA:83,4
DA:92,1
DA:93,3
DA:96,3
DA:97,3
DA:99,3
DA:108,1
DA:109,3
DA:111,3
DA:112,9
DA:115,9
DA:116,27
DA:117,27
DA:118,9
DA:120,27
DA:125,3
DA:135,1
DA:136,2
DA:139,2
DA:140,0
DA:143,2
DA:146,2
DA:149,2
DA:150,4
DA:151,4
DA:155,2
DA:157,2
DA:158,6
DA:162,6
DA:164,12
DA:165,12
DA:170,2
DA:180,1
DA:183,7
DA:184,1
DA:187,6
DA:188,3
DA:189,1
DA:191,2
DA:196,5
DA:197,2
DA:201,3
DA:212,1
DA:213,0
DA:223,1
DA:224,4
DA:226,4
DA:227,4
DA:229,4
DA:238,1
DA:239,3
DA:243,3
DA:244,2
DA:247,1
DA:248,3
DA:249,3
DA:252,1
DA:260,1
DA:261,9
DA:264,9
DA:265,24
DA:266,24
DA:270,9
DA:280,1
DA:281,7
DA:284,7
DA:285,1
DA:288,6
DA:289,3
DA:290,3
DA:291,1
DA:295,5
DA:297,5
DA:299,5
DA:300,15
DA:301,15
DA:311,15
DA:312,45
DA:313,45
DA:318,5
DA:329,1
DA:330,10
DA:333,10
DA:334,4
DA:337,10
DA:338,30
DA:339,30
DA:343,10
DA:352,1
DA:353,1
DA:361,1
DA:363,3
DA:365,2
DA:366,1
DA:368,1
DA:378,1
DA:379,1
DA:382,1
DA:383,3
DA:392,1
DA:393,1
DA:397,1
DA:398,3
DA:400,3
DA:402,3
DA:417,1
DA:418,1
DA:431,1
DA:432,10
DA:435,10
DA:436,14
DA:437,14
DA:438,9
DA:439,9
DA:443,10
DA:444,1
DA:446,9
DA:456,1
DA:459,4
DA:462,4
DA:463,4
DA:464,4
DA:465,4
DA:468,4
DA:476,1
DA:477,6
DA:483,5
DA:484,30
DA:485,15
DA:493,1
DA:494,4
DA:495,4
DA:496,4
DA:497,4
DA:498,4
DA:504,1
DA:505,4
DA:506,4
DA:509,1
DA:514,1
DA:542,1
DA:546,0
DA:550,0
DA:551,0
DA:555,1
DA:557,1
DA:558,1
DA:562,0
DA:567,0
LF:170
LH:163
BRDA:26,1,0,1
BRDA:26,1,1,0
BRDA:26,1,2,1
BRDA:29,2,0,1
BRDA:29,2,1,1
BRDA:29,2,2,1
BRDA:29,2,3,1
BRDA:32,3,0,1
BRDA:32,3,1,1
BRDA:32,3,2,1
BRDA:32,3,3,1
BRDA:35,4,0,1
BRDA:35,4,1,1
BRDA:35,4,2,1
BRDA:35,4,3,1
BRDA:36,5,0,1
BRDA:36,5,1,0
BRDA:36,6,0,1
BRDA:36,6,1,1
BRDA:36,6,2,0
BRDA:36,6,3,0
BRDA:41,7,0,1
BRDA:41,7,1,1
BRDA:41,7,2,1
BRDA:70,8,0,1
BRDA:70,8,1,3
BRDA:72,9,0,2
BRDA:72,9,1,1
BRDA:78,10,0,3
BRDA:78,10,1,6
BRDA:116,11,0,27
BRDA:116,11,1,0
BRDA:117,12,0,9
BRDA:117,12,1,18
BRDA:139,13,0,0
BRDA:139,13,1,2
BRDA:150,14,0,4
BRDA:150,14,1,0
BRDA:183,15,0,1
BRDA:183,15,1,6
BRDA:187,16,0,3
BRDA:187,16,1,3
BRDA:187,17,0,6
BRDA:187,17,1,3
BRDA:188,18,0,1
BRDA:188,18,1,2
BRDA:196,19,0,2
BRDA:196,19,1,3
BRDA:196,20,0,5
BRDA:196,20,1,2
BRDA:226,21,0,4
BRDA:226,21,1,0
BRDA:243,22,0,2
BRDA:243,22,1,1
BRDA:243,23,0,3
BRDA:243,23,1,2
BRDA:248,24,0,3
BRDA:248,24,1,0
BRDA:265,25,0,24
BRDA:265,25,1,0
BRDA:284,26,0,1
BRDA:284,26,1,6
BRDA:288,27,0,3
BRDA:288,27,1,3
BRDA:290,28,0,1
BRDA:290,28,1,2
BRDA:312,29,0,45
BRDA:312,29,1,0
BRDA:312,30,0,45
BRDA:312,30,1,45
BRDA:312,30,2,0
BRDA:333,31,0,4
BRDA:333,31,1,6
BRDA:338,32,0,30
BRDA:338,32,1,0
BRDA:338,33,0,30
BRDA:338,33,1,30
BRDA:338,33,2,0
BRDA:363,34,0,1
BRDA:363,34,1,2
BRDA:365,35,0,1
BRDA:365,35,1,1
BRDA:437,36,0,9
BRDA:437,36,1,5
BRDA:443,37,0,1
BRDA:443,37,1,9
BRDA:484,38,0,15
BRDA:484,38,1,15
BRDA:484,39,0,30
BRDA:484,39,1,30
BRDA:484,39,2,15
BRDA:484,39,3,0
BRDA:542,40,0,0
BRDA:542,40,1,1
BRDA:542,41,0,1
BRDA:542,41,1,0
BRDA:542,41,2,0
BRDA:555,42,0,1
BRDA:555,42,1,0
BRDA:555,43,0,1
BRDA:555,43,1,1
BRDA:557,44,0,1
BRDA:557,44,1,0
BRF:103
BRH:83
end_of_record
